<?xml version="1.0" encoding="UTF-8"?>
<testng-results ignored="0" total="1" passed="1" failed="0" skipped="0">
  <reporter-output>
  </reporter-output>
  <suite started-at="2026-04-02T13:10:28 GMT-04:00" name="Default suite" finished-at="2026-04-02T13:10:35 GMT-04:00" duration-ms="7012">
    <groups>
    </groups>
    <test started-at="2026-04-02T13:10:28 GMT-04:00" name="Default test" finished-at="2026-04-02T13:10:35 GMT-04:00" duration-ms="7012">
      <class name="verifytest.DropDown">
        <test-method signature="dropdowntest()[pri:0, instance:verifytest.DropDown@5b8dfcc1]" started-at="2026-04-02T13:10:28 GMT-04:00" name="dropdowntest" finished-at="2026-04-02T13:10:35 GMT-04:00" duration-ms="6965" status="PASS">
          <reporter-output>
          </reporter-output>
        </test-method> <!-- dropdowntest -->
      </class> <!-- verifytest.DropDown -->
    </test> <!-- Default test -->
  </suite> <!-- Default suite -->
</testng-results>
