<?xml version="1.0" encoding="UTF-8"?>
<testng-results ignored="0" total="1" passed="1" failed="0" skipped="0">
  <reporter-output>
  </reporter-output>
  <suite started-at="2026-04-02T12:10:33 GMT-04:00" name="Default suite" finished-at="2026-04-02T12:10:36 GMT-04:00" duration-ms="3396">
    <groups>
    </groups>
    <test started-at="2026-04-02T12:10:33 GMT-04:00" name="Default test" finished-at="2026-04-02T12:10:36 GMT-04:00" duration-ms="3396">
      <class name="verifytest.BrowserNavigation">
        <test-method signature="testbrowsernavi()[pri:0, instance:verifytest.BrowserNavigation@1bd4fdd]" started-at="2026-04-02T12:10:33 GMT-04:00" name="testbrowsernavi" finished-at="2026-04-02T12:10:36 GMT-04:00" duration-ms="3361" status="PASS">
          <reporter-output>
          </reporter-output>
        </test-method> <!-- testbrowsernavi -->
      </class> <!-- verifytest.BrowserNavigation -->
    </test> <!-- Default test -->
  </suite> <!-- Default suite -->
</testng-results>
